{
  "RSpec": {
    "coverage": {
      "/Users/student/Projects/insta-clone/app/models/account.rb": {
        "lines": [
          1,
          null,
          null,
          1,
          null,
          null
        ]
      },
      "/Users/student/Projects/insta-clone/app/models/application_record.rb": {
        "lines": [
          1,
          1,
          null
        ]
      },
      "/Users/student/Projects/insta-clone/app/helpers/application_helper.rb": {
        "lines": [
          1,
          null
        ]
      },
      "/Users/student/Projects/insta-clone/app/helpers/public_helper.rb": {
        "lines": [
          1,
          null
        ]
      },
      "/Users/student/Projects/insta-clone/app/controllers/application_controller.rb": {
        "lines": [
          1,
          null
        ]
      },
      "/Users/student/Projects/insta-clone/app/controllers/public_controller.rb": {
        "lines": [
          1,
          null,
          1,
          null,
          null,
          null
        ]
      },
      "/Users/student/Projects/insta-clone/app/mailers/application_mailer.rb": {
        "lines": [
          0,
          0,
          0,
          0
        ],
        "branches": {
        }
      },
      "/Users/student/Projects/insta-clone/app/jobs/application_job.rb": {
        "lines": [
          0,
          null,
          null,
          null,
          null,
          null,
          0
        ],
        "branches": {
        }
      },
      "/Users/student/Projects/insta-clone/app/channels/application_cable/connection.rb": {
        "lines": [
          0,
          0,
          0,
          0
        ],
        "branches": {
        }
      },
      "/Users/student/Projects/insta-clone/app/channels/application_cable/channel.rb": {
        "lines": [
          0,
          0,
          0,
          0
        ],
        "branches": {
        }
      }
    },
    "timestamp": 1598772118
  }
}
